{
  "stats": {
    "suites": 1,
    "tests": 1,
    "passes": 1,
    "pending": 0,
    "failures": 0,
    "start": "2021-03-29T22:55:52.835Z",
    "end": "2021-03-29T22:55:59.749Z",
    "duration": 6914,
    "testsRegistered": 1,
    "passPercent": 100,
    "pendingPercent": 0,
    "other": 0,
    "hasOther": false,
    "skipped": 0,
    "hasSkipped": false
  },
  "results": [
    {
      "uuid": "f77b4696-db96-4b6f-8851-65c2f927f4c1",
      "title": "",
      "fullFile": "cypress/integration/shouldGaveTagsWithRoutingObject.spec.js",
      "file": "cypress/integration/shouldGaveTagsWithRoutingObject.spec.js",
      "beforeHooks": [],
      "afterHooks": [],
      "tests": [],
      "suites": [
        {
          "uuid": "855d98da-6e9f-440c-bc48-e5630e273909",
          "title": "Testing should gave tags with routing object",
          "fullFile": "",
          "file": "",
          "beforeHooks": [],
          "afterHooks": [],
          "tests": [
            {
              "title": "Example first test",
              "fullTitle": "Testing should gave tags with routing object Example first test",
              "timedOut": null,
              "duration": 6781,
              "state": "passed",
              "speed": "slow",
              "pass": true,
              "fail": false,
              "pending": false,
              "context": null,
              "code": "cy.get('.tag-list').should('contain', 'cypress').and('contain', 'automation').and('contain', 'testing');",
              "err": {},
              "uuid": "23209b19-d6f0-4361-a86e-4c086762ac1e",
              "parentUUID": "855d98da-6e9f-440c-bc48-e5630e273909",
              "isHook": false,
              "skipped": false
            }
          ],
          "suites": [],
          "passes": [
            "23209b19-d6f0-4361-a86e-4c086762ac1e"
          ],
          "failures": [],
          "pending": [],
          "skipped": [],
          "duration": 6781,
          "root": false,
          "rootEmpty": false,
          "_timeout": 2000
        }
      ],
      "passes": [],
      "failures": [],
      "pending": [],
      "skipped": [],
      "duration": 0,
      "root": true,
      "rootEmpty": true,
      "_timeout": 2000
    }
  ],
  "meta": {
    "mocha": {
      "version": "7.0.1"
    },
    "mochawesome": {
      "options": {
        "quiet": false,
        "reportFilename": "mochawesome",
        "saveHtml": false,
        "saveJson": true,
        "consoleReporter": "spec",
        "useInlineDiffs": false,
        "code": true
      },
      "version": "6.2.2"
    },
    "marge": {
      "options": {
        "id": "default",
        "reportDir": "cypress/results/mochawesome",
        "overwrite": false,
        "html": false,
        "json": true
      },
      "version": "5.2.0"
    }
  }
}