{
  "stats": {
    "suites": 1,
    "tests": 1,
    "passes": 1,
    "pending": 0,
    "failures": 0,
    "start": "2021-03-22T22:14:20.678Z",
    "end": "2021-03-22T22:14:25.131Z",
    "duration": 4453,
    "testsRegistered": 1,
    "passPercent": 100,
    "pendingPercent": 0,
    "other": 0,
    "hasOther": false,
    "skipped": 0,
    "hasSkipped": false
  },
  "results": [
    {
      "uuid": "1d6d5010-fc97-4b8b-a074-0dce2f1b0d63",
      "title": "",
      "fullFile": "cypress/integration/verifyCorrectReqeustAndResponse.spec.js",
      "file": "cypress/integration/verifyCorrectReqeustAndResponse.spec.js",
      "beforeHooks": [],
      "afterHooks": [],
      "tests": [],
      "suites": [
        {
          "uuid": "27438c3d-4e11-4754-acec-9a803a4a4f67",
          "title": "Testing verify correct request and response",
          "fullFile": "",
          "file": "",
          "beforeHooks": [],
          "afterHooks": [],
          "tests": [
            {
              "title": "Example first test",
              "fullTitle": "Testing verify correct request and response Example first test",
              "timedOut": null,
              "duration": 4363,
              "state": "passed",
              "speed": "slow",
              "pass": true,
              "fail": false,
              "pending": false,
              "context": null,
              "code": "cy.intercept('POST', '**/articles').as('postArticles');\ncy.contains('New Article').click();\ncy.get('[formcontrolname=\"title\"]').type('This is a title');\ncy.get('[formcontrolname=\"description\"]').type('This is a description');\ncy.get('[formcontrolname=\"body\"]').type('This is a body of the Article');\ncy.contains('Publish Article').click();\ncy.wait('@postArticles');\ncy.get('@postArticles').then(function (xhr) {\n  expect(xhr.response.statusCode).to.equal(200);\n  expect(xhr.request.body.article.body).to.equal('This is a body of the Article');\n  expect(xhr.response.body.article.description).to.equal('This is a description');\n});",
              "err": {},
              "uuid": "4d8f8653-2b49-45d8-88f6-fde499806158",
              "parentUUID": "27438c3d-4e11-4754-acec-9a803a4a4f67",
              "isHook": false,
              "skipped": false
            }
          ],
          "suites": [],
          "passes": [
            "4d8f8653-2b49-45d8-88f6-fde499806158"
          ],
          "failures": [],
          "pending": [],
          "skipped": [],
          "duration": 4363,
          "root": false,
          "rootEmpty": false,
          "_timeout": 2000
        }
      ],
      "passes": [],
      "failures": [],
      "pending": [],
      "skipped": [],
      "duration": 0,
      "root": true,
      "rootEmpty": true,
      "_timeout": 2000
    }
  ],
  "meta": {
    "mocha": {
      "version": "7.0.1"
    },
    "mochawesome": {
      "options": {
        "quiet": false,
        "reportFilename": "mochawesome",
        "saveHtml": false,
        "saveJson": true,
        "consoleReporter": "spec",
        "useInlineDiffs": false,
        "code": true
      },
      "version": "6.2.2"
    },
    "marge": {
      "options": {
        "id": "default",
        "reportDir": "cypress/results/mochawesome",
        "overwrite": false,
        "html": false,
        "json": true
      },
      "version": "5.2.0"
    }
  }
}