{
  "stats": {
    "suites": 1,
    "tests": 1,
    "passes": 1,
    "pending": 0,
    "failures": 0,
    "start": "2021-03-29T22:55:45.036Z",
    "end": "2021-03-29T22:55:51.794Z",
    "duration": 6758,
    "testsRegistered": 1,
    "passPercent": 100,
    "pendingPercent": 0,
    "other": 0,
    "hasOther": false,
    "skipped": 0,
    "hasSkipped": false
  },
  "results": [
    {
      "uuid": "6dd0a74e-e7c5-43e3-92f2-030300c41c01",
      "title": "",
      "fullFile": "cypress/integration/shouldGaveTagsWithRoutingObject.spec.js",
      "file": "cypress/integration/shouldGaveTagsWithRoutingObject.spec.js",
      "beforeHooks": [],
      "afterHooks": [],
      "tests": [],
      "suites": [
        {
          "uuid": "18ed8ea6-cf80-4435-8bd6-9dbf0b98f810",
          "title": "Testing should gave tags with routing object",
          "fullFile": "",
          "file": "",
          "beforeHooks": [],
          "afterHooks": [],
          "tests": [
            {
              "title": "Example first test",
              "fullTitle": "Testing should gave tags with routing object Example first test",
              "timedOut": null,
              "duration": 5839,
              "state": "passed",
              "speed": "slow",
              "pass": true,
              "fail": false,
              "pending": false,
              "context": null,
              "code": "cy.get('.tag-list').should('contain', 'cypress').and('contain', 'automation').and('contain', 'testing');",
              "err": {},
              "uuid": "435d9475-e251-4da8-8cd9-9ffe44f214c2",
              "parentUUID": "18ed8ea6-cf80-4435-8bd6-9dbf0b98f810",
              "isHook": false,
              "skipped": false
            }
          ],
          "suites": [],
          "passes": [
            "435d9475-e251-4da8-8cd9-9ffe44f214c2"
          ],
          "failures": [],
          "pending": [],
          "skipped": [],
          "duration": 5839,
          "root": false,
          "rootEmpty": false,
          "_timeout": 2000
        }
      ],
      "passes": [],
      "failures": [],
      "pending": [],
      "skipped": [],
      "duration": 0,
      "root": true,
      "rootEmpty": true,
      "_timeout": 2000
    }
  ],
  "meta": {
    "mocha": {
      "version": "7.0.1"
    },
    "mochawesome": {
      "options": {
        "quiet": false,
        "reportFilename": "mochawesome",
        "saveHtml": false,
        "saveJson": true,
        "consoleReporter": "spec",
        "useInlineDiffs": false,
        "code": true
      },
      "version": "6.2.2"
    },
    "marge": {
      "options": {
        "id": "default",
        "reportDir": "cypress/results/mochawesome",
        "overwrite": false,
        "html": false,
        "json": true
      },
      "version": "5.2.0"
    }
  }
}