<?xml version="1.0" encoding="UTF-8"?>
<testsuites name="Mocha Tests" time="4.3630" tests="1" failures="0">
  <testsuite name="Root Suite" timestamp="2021-03-22T22:14:20" tests="0" file="cypress/integration/verifyCorrectReqeustAndResponse.spec.js" time="0.0000" failures="0">
  </testsuite>
  <testsuite name="Testing verify correct request and response" timestamp="2021-03-22T22:14:20" tests="1" time="4.3630" failures="0">
    <testcase name="Testing verify correct request and response Example first test" time="4.3630" classname="Example first test">
    </testcase>
  </testsuite>
</testsuites>