<?xml version="1.0" encoding="UTF-8"?>
<testsuites name="Mocha Tests" time="2.4860" tests="1" failures="0">
  <testsuite name="Root Suite" timestamp="2021-03-22T22:14:14" tests="0" file="cypress/integration/shouldGaveTagsWithRoutingObject.spec.js" time="0.0000" failures="0">
  </testsuite>
  <testsuite name="Testing should gave tags with routing object" timestamp="2021-03-22T22:14:14" tests="1" time="2.4860" failures="0">
    <testcase name="Testing should gave tags with routing object Example first test" time="2.4860" classname="Example first test">
    </testcase>
  </testsuite>
</testsuites>