<?xml version="1.0" encoding="UTF-8"?>
<testsuites name="Mocha Tests" time="6.7810" tests="1" failures="0">
  <testsuite name="Root Suite" timestamp="2021-03-29T22:55:52" tests="0" file="cypress/integration/shouldGaveTagsWithRoutingObject.spec.js" time="0.0000" failures="0">
  </testsuite>
  <testsuite name="Testing should gave tags with routing object" timestamp="2021-03-29T22:55:52" tests="1" time="6.7810" failures="0">
    <testcase name="Testing should gave tags with routing object Example first test" time="6.7810" classname="Example first test">
    </testcase>
  </testsuite>
</testsuites>