<?xml version="1.0"?>
<testsuites>
<testsuite name="Root Suite" timestamp="2021-03-22T22:14:14" tests="0" file="cypress/integration/shouldGaveTagsWithRoutingObject.spec.js" time="0.0000" failures="0"></testsuite>
<testsuite name="Testing should gave tags with routing object" timestamp="2021-03-22T22:14:14" tests="1" time="2.4860" failures="0">
  
  <testcase name="Testing should gave tags with routing object Example first test" time="2.4860" classname="Example first test"></testcase>
  
</testsuite>

<testsuite name="Root Suite" timestamp="2021-03-22T22:14:05" tests="0" file="cypress/integration/interceptingAndModifyingRequestAndResponse.spec.js" time="0.0000" failures="0"></testsuite>
<testsuite name="Testing intercepting and modifying the request and response" timestamp="2021-03-22T22:14:05" tests="1" time="4.6480" failures="0">
  
  <testcase name="Testing intercepting and modifying the request and response Example first test" time="4.6480" classname="Example first test"></testcase>
  
</testsuite>

<testsuite name="Root Suite" timestamp="2021-03-22T22:13:53" tests="0" file="cypress/integration/deleteNewArticleInGlobalFeed.spec.js" time="0.0000" failures="0"></testsuite>
<testsuite name="Testing delete a new Article in a global feed" timestamp="2021-03-22T22:13:53" tests="1" time="8.2890" failures="0">
  
  <testcase name="Testing delete a new Article in a global feed Example first test" time="8.2890" classname="Example first test"></testcase>
  
</testsuite>

<testsuite name="Root Suite" timestamp="2021-03-22T22:14:20" tests="0" file="cypress/integration/verifyCorrectReqeustAndResponse.spec.js" time="0.0000" failures="0"></testsuite>
<testsuite name="Testing verify correct request and response" timestamp="2021-03-22T22:14:20" tests="1" time="4.3630" failures="0">
  
  <testcase name="Testing verify correct request and response Example first test" time="4.3630" classname="Example first test"></testcase>
  
</testsuite>

<testsuite name="Root Suite" timestamp="2021-03-22T22:14:29" tests="0" file="cypress/integration/verifyGlobalFeedlikesCount.spec.js" time="0.0000" failures="0"></testsuite>
<testsuite name="Testing verify global feed likes count" timestamp="2021-03-22T22:14:29" tests="1" time="2.8360" failures="0">
  
  <testcase name="Testing verify global feed likes count Example first test" time="2.8360" classname="Example first test"></testcase>
  
</testsuite>

</testsuites>